time="2024-02-22T17:36:24+09:00" level=info msg=Starting
time="2024-02-22T17:36:24+09:00" level=info msg="[GIN-debug] [WARNING] Creating an Engine instance with the Logger and Recovery middleware already attached."
time="2024-02-22T17:36:24+09:00" level=info
time="2024-02-22T17:36:24+09:00" level=info msg="[GIN-debug] [WARNING] Running in \"debug\" mode. Switch to \"release\" mode in production."
time="2024-02-22T17:36:24+09:00" level=info msg=" - using env:\texport GIN_MODE=release"
time="2024-02-22T17:36:24+09:00" level=info msg=" - using code:\tgin.SetMode(gin.ReleaseMode)"
time="2024-02-22T17:36:24+09:00" level=info
time="2024-02-22T17:36:24+09:00" level=info msg="Loading env variables"
time="2024-02-22T17:36:24+09:00" level=info msg="Initializing database"
time="2024-02-22T17:37:50+09:00" level=info msg=Starting
time="2024-02-22T17:37:50+09:00" level=info msg="[GIN-debug] [WARNING] Creating an Engine instance with the Logger and Recovery middleware already attached."
time="2024-02-22T17:37:50+09:00" level=info
time="2024-02-22T17:37:50+09:00" level=info msg="[GIN-debug] [WARNING] Running in \"debug\" mode. Switch to \"release\" mode in production."
time="2024-02-22T17:37:50+09:00" level=info msg=" - using env:\texport GIN_MODE=release"
time="2024-02-22T17:37:50+09:00" level=info msg=" - using code:\tgin.SetMode(gin.ReleaseMode)"
time="2024-02-22T17:37:50+09:00" level=info
time="2024-02-22T17:37:50+09:00" level=info msg="Loading env variables"
time="2024-02-22T17:37:50+09:00" level=info msg="Initializing database"
time="2024-02-22T17:38:39+09:00" level=info msg=Starting
time="2024-02-22T17:38:39+09:00" level=info msg="[GIN-debug] [WARNING] Creating an Engine instance with the Logger and Recovery middleware already attached."
time="2024-02-22T17:38:39+09:00" level=info
time="2024-02-22T17:38:39+09:00" level=info msg="[GIN-debug] [WARNING] Running in \"debug\" mode. Switch to \"release\" mode in production."
time="2024-02-22T17:38:39+09:00" level=info msg=" - using env:\texport GIN_MODE=release"
time="2024-02-22T17:38:39+09:00" level=info msg="Loading env variables"
time="2024-02-22T17:38:39+09:00" level=info msg=" - using code:\tgin.SetMode(gin.ReleaseMode)"
time="2024-02-22T17:38:39+09:00" level=info
time="2024-02-22T17:38:39+09:00" level=info msg="Initializing database"
time="2024-02-22T17:38:39+09:00" level=info msg="Postgres succesfully initialized"
time="2024-02-22T17:38:45+09:00" level=info msg=Starting
time="2024-02-22T17:38:45+09:00" level=info msg="[GIN-debug] [WARNING] Creating an Engine instance with the Logger and Recovery middleware already attached."
time="2024-02-22T17:38:45+09:00" level=info
time="2024-02-22T17:38:45+09:00" level=info msg="[GIN-debug] [WARNING] Running in \"debug\" mode. Switch to \"release\" mode in production."
time="2024-02-22T17:38:45+09:00" level=info msg=" - using env:\texport GIN_MODE=release"
time="2024-02-22T17:38:45+09:00" level=info msg="Loading env variables"
time="2024-02-22T17:38:45+09:00" level=info msg=" - using code:\tgin.SetMode(gin.ReleaseMode)"
time="2024-02-22T17:38:45+09:00" level=info
time="2024-02-22T17:38:45+09:00" level=info msg="Initializing database"
time="2024-02-22T17:38:46+09:00" level=info msg="Postgres succesfully initialized"
time="2024-02-22T17:39:33+09:00" level=info msg=Starting
time="2024-02-22T17:39:33+09:00" level=info msg="[GIN-debug] [WARNING] Creating an Engine instance with the Logger and Recovery middleware already attached."
time="2024-02-22T17:39:33+09:00" level=info
time="2024-02-22T17:39:33+09:00" level=info msg="[GIN-debug] [WARNING] Running in \"debug\" mode. Switch to \"release\" mode in production."
time="2024-02-22T17:39:33+09:00" level=info msg=" - using env:\texport GIN_MODE=release"
time="2024-02-22T17:39:33+09:00" level=info msg=" - using code:\tgin.SetMode(gin.ReleaseMode)"
time="2024-02-22T17:39:33+09:00" level=info
time="2024-02-22T17:39:33+09:00" level=info msg="Loading env variables"
time="2024-02-22T17:39:33+09:00" level=info msg="Initializing database"
time="2024-02-22T17:39:33+09:00" level=info msg="Postgres succesfully initialized"
time="2024-02-22T17:40:05+09:00" level=info msg=Starting
time="2024-02-22T17:40:05+09:00" level=info msg="[GIN-debug] [WARNING] Creating an Engine instance with the Logger and Recovery middleware already attached."
time="2024-02-22T17:40:05+09:00" level=info
time="2024-02-22T17:40:05+09:00" level=info msg="[GIN-debug] [WARNING] Running in \"debug\" mode. Switch to \"release\" mode in production."
time="2024-02-22T17:40:05+09:00" level=info msg=" - using env:\texport GIN_MODE=release"
time="2024-02-22T17:40:05+09:00" level=info msg=" - using code:\tgin.SetMode(gin.ReleaseMode)"
time="2024-02-22T17:40:05+09:00" level=info
time="2024-02-22T17:40:05+09:00" level=info msg="Loading env variables"
time="2024-02-22T17:40:05+09:00" level=info msg="Initializing database"
time="2024-02-22T17:40:05+09:00" level=info msg="Postgres succesfully initialized"
time="2024-02-22T17:40:37+09:00" level=info msg=Starting
time="2024-02-22T17:40:37+09:00" level=info msg="[GIN-debug] [WARNING] Creating an Engine instance with the Logger and Recovery middleware already attached."
time="2024-02-22T17:40:37+09:00" level=info
time="2024-02-22T17:40:37+09:00" level=info msg="[GIN-debug] [WARNING] Running in \"debug\" mode. Switch to \"release\" mode in production."
time="2024-02-22T17:40:37+09:00" level=info msg=" - using env:\texport GIN_MODE=release"
time="2024-02-22T17:40:37+09:00" level=info msg="Loading env variables"
time="2024-02-22T17:40:37+09:00" level=info msg=" - using code:\tgin.SetMode(gin.ReleaseMode)"
time="2024-02-22T17:40:37+09:00" level=info
time="2024-02-22T17:40:37+09:00" level=info msg="Initializing database"
time="2024-02-22T17:40:37+09:00" level=info msg="Postgres succesfully initialized"
time="2024-02-22T17:40:57+09:00" level=info msg=Starting
time="2024-02-22T17:40:57+09:00" level=info msg="[GIN-debug] [WARNING] Creating an Engine instance with the Logger and Recovery middleware already attached."
time="2024-02-22T17:40:57+09:00" level=info
time="2024-02-22T17:40:57+09:00" level=info msg="[GIN-debug] [WARNING] Running in \"debug\" mode. Switch to \"release\" mode in production."
time="2024-02-22T17:40:57+09:00" level=info msg=" - using env:\texport GIN_MODE=release"
time="2024-02-22T17:40:57+09:00" level=info msg=" - using code:\tgin.SetMode(gin.ReleaseMode)"
time="2024-02-22T17:40:57+09:00" level=info
time="2024-02-22T17:40:57+09:00" level=info msg="Loading env variables"
time="2024-02-22T17:40:57+09:00" level=info msg="Initializing database"
time="2024-02-22T17:40:57+09:00" level=info msg="Postgres succesfully initialized"
time="2024-02-22T17:41:32+09:00" level=info msg=Starting
time="2024-02-22T17:41:32+09:00" level=info msg="[GIN-debug] [WARNING] Creating an Engine instance with the Logger and Recovery middleware already attached."
time="2024-02-22T17:41:32+09:00" level=info
time="2024-02-22T17:41:32+09:00" level=info msg="[GIN-debug] [WARNING] Running in \"debug\" mode. Switch to \"release\" mode in production."
time="2024-02-22T17:41:32+09:00" level=info msg=" - using env:\texport GIN_MODE=release"
time="2024-02-22T17:41:32+09:00" level=info msg=" - using code:\tgin.SetMode(gin.ReleaseMode)"
time="2024-02-22T17:41:32+09:00" level=info
time="2024-02-22T17:41:32+09:00" level=info msg="Loading env variables"
time="2024-02-22T17:41:32+09:00" level=info msg="Initializing database"
time="2024-02-22T17:41:32+09:00" level=info msg="Postgres succesfully initialized"
time="2024-02-22T17:42:52+09:00" level=info msg=Starting
time="2024-02-22T17:42:52+09:00" level=info msg="[GIN-debug] [WARNING] Creating an Engine instance with the Logger and Recovery middleware already attached."
time="2024-02-22T17:42:52+09:00" level=info
time="2024-02-22T17:42:52+09:00" level=info msg="[GIN-debug] [WARNING] Running in \"debug\" mode. Switch to \"release\" mode in production."
time="2024-02-22T17:42:52+09:00" level=info msg=" - using env:\texport GIN_MODE=release"
time="2024-02-22T17:42:52+09:00" level=info msg=" - using code:\tgin.SetMode(gin.ReleaseMode)"
time="2024-02-22T17:42:52+09:00" level=info
time="2024-02-22T17:42:52+09:00" level=info msg="Loading env variables"
time="2024-02-22T17:42:52+09:00" level=info msg="Initializing database"
time="2024-02-22T17:42:52+09:00" level=info msg="Postgres succesfully initialized"
time="2024-02-22T18:03:44+09:00" level=info msg=Starting
time="2024-02-22T18:03:44+09:00" level=info msg="[GIN-debug] [WARNING] Creating an Engine instance with the Logger and Recovery middleware already attached."
time="2024-02-22T18:03:44+09:00" level=info
time="2024-02-22T18:03:44+09:00" level=info msg="[GIN-debug] [WARNING] Running in \"debug\" mode. Switch to \"release\" mode in production."
time="2024-02-22T18:03:44+09:00" level=info msg=" - using env:\texport GIN_MODE=release"
time="2024-02-22T18:03:44+09:00" level=info msg=" - using code:\tgin.SetMode(gin.ReleaseMode)"
time="2024-02-22T18:03:44+09:00" level=info
time="2024-02-22T18:03:44+09:00" level=info msg="Loading env variables"
time="2024-02-22T18:03:44+09:00" level=info msg="Initializing database"
time="2024-02-22T18:03:44+09:00" level=info msg="Postgres succesfully initialized"
time="2024-02-22T18:03:44+09:00" level=info msg="Mongo succesfully initialized"
time="2024-02-22T18:03:44+09:00" level=info msg="Server listening on 8080"
time="2024-02-22T18:03:44+09:00" level=info msg="[GIN-debug] [WARNING] You trusted all proxies, this is NOT safe. We recommend you to set a value."
time="2024-02-22T18:03:44+09:00" level=info msg="Please check https://pkg.go.dev/github.com/gin-gonic/gin#readme-don-t-trust-all-proxies for details."
time="2024-02-22T18:03:44+09:00" level=info msg="[GIN-debug] Listening and serving HTTP on :8080"
time="2024-02-22T18:20:29+09:00" level=info msg=Starting
time="2024-02-22T18:20:29+09:00" level=info msg="[GIN-debug] [WARNING] Creating an Engine instance with the Logger and Recovery middleware already attached."
time="2024-02-22T18:20:29+09:00" level=info
time="2024-02-22T18:20:29+09:00" level=info msg="[GIN-debug] [WARNING] Running in \"debug\" mode. Switch to \"release\" mode in production."
time="2024-02-22T18:20:29+09:00" level=info msg=" - using env:\texport GIN_MODE=release"
time="2024-02-22T18:20:29+09:00" level=info msg=" - using code:\tgin.SetMode(gin.ReleaseMode)"
time="2024-02-22T18:20:29+09:00" level=info
time="2024-02-22T18:20:29+09:00" level=info msg="Loading env variables"
time="2024-02-22T18:20:29+09:00" level=info msg="Initializing database"
time="2024-02-22T18:20:29+09:00" level=info msg="Postgres succesfully initialized"
time="2024-02-22T18:20:29+09:00" level=info msg="Mongo succesfully initialized"
time="2024-02-22T18:20:29+09:00" level=info msg="Server listening on 8080"
time="2024-02-22T18:24:15+09:00" level=info msg=Starting
time="2024-02-22T18:24:15+09:00" level=info msg="[GIN-debug] [WARNING] Creating an Engine instance with the Logger and Recovery middleware already attached."
time="2024-02-22T18:24:15+09:00" level=info
time="2024-02-22T18:24:15+09:00" level=info msg="[GIN-debug] [WARNING] Running in \"debug\" mode. Switch to \"release\" mode in production."
time="2024-02-22T18:24:15+09:00" level=info msg=" - using env:\texport GIN_MODE=release"
time="2024-02-22T18:24:15+09:00" level=info msg="Loading env variables"
time="2024-02-22T18:24:15+09:00" level=info msg=" - using code:\tgin.SetMode(gin.ReleaseMode)"
time="2024-02-22T18:24:15+09:00" level=info
time="2024-02-22T18:24:15+09:00" level=info msg="Initializing database"
time="2024-02-22T18:24:16+09:00" level=info msg="Postgres succesfully initialized"
time="2024-02-22T18:26:34+09:00" level=info msg=Starting
time="2024-02-22T18:26:34+09:00" level=info msg="[GIN-debug] [WARNING] Creating an Engine instance with the Logger and Recovery middleware already attached."
time="2024-02-22T18:26:34+09:00" level=info
time="2024-02-22T18:26:34+09:00" level=info msg="[GIN-debug] [WARNING] Running in \"debug\" mode. Switch to \"release\" mode in production."
time="2024-02-22T18:26:34+09:00" level=info msg=" - using env:\texport GIN_MODE=release"
time="2024-02-22T18:26:34+09:00" level=info msg="Loading env variables"
time="2024-02-22T18:26:34+09:00" level=info msg=" - using code:\tgin.SetMode(gin.ReleaseMode)"
time="2024-02-22T18:26:34+09:00" level=info
time="2024-02-22T18:26:34+09:00" level=info msg="Initializing database"
time="2024-02-22T18:26:34+09:00" level=info msg="Postgres succesfully initialized"
time="2024-02-22T18:26:34+09:00" level=info msg="Mongo succesfully initialized"
time="2024-02-22T18:26:34+09:00" level=info msg="Server listening on 8080"
time="2024-02-22T18:26:34+09:00" level=info msg="[GIN-debug] [WARNING] You trusted all proxies, this is NOT safe. We recommend you to set a value."
time="2024-02-22T18:26:34+09:00" level=info msg="Please check https://pkg.go.dev/github.com/gin-gonic/gin#readme-don-t-trust-all-proxies for details."
time="2024-02-22T18:26:34+09:00" level=info msg="[GIN-debug] Listening and serving HTTP on :8080"
time="2024-02-22T18:26:58+09:00" level=info msg="[GIN] 2024/02/22 - 18:26:58 | 404 |            0s |             ::1 | GET      \"/api/v1/create\""
time="2024-02-22T18:28:10+09:00" level=info msg=Starting
time="2024-02-22T18:28:10+09:00" level=info msg="[GIN-debug] [WARNING] Creating an Engine instance with the Logger and Recovery middleware already attached."
time="2024-02-22T18:28:10+09:00" level=info
time="2024-02-22T18:28:10+09:00" level=info msg="[GIN-debug] [WARNING] Running in \"debug\" mode. Switch to \"release\" mode in production."
time="2024-02-22T18:28:10+09:00" level=info msg=" - using env:\texport GIN_MODE=release"
time="2024-02-22T18:28:10+09:00" level=info msg="Loading env variables"
time="2024-02-22T18:28:10+09:00" level=info msg=" - using code:\tgin.SetMode(gin.ReleaseMode)"
time="2024-02-22T18:28:10+09:00" level=info
time="2024-02-22T18:28:10+09:00" level=info msg="Initializing database"
time="2024-02-22T18:28:10+09:00" level=info msg="Postgres succesfully initialized"
time="2024-02-22T18:28:10+09:00" level=info msg="Mongo succesfully initialized"
time="2024-02-22T18:28:10+09:00" level=info msg="Server listening on 8080"
time="2024-02-22T18:28:10+09:00" level=info msg="[GIN-debug] [WARNING] You trusted all proxies, this is NOT safe. We recommend you to set a value."
time="2024-02-22T18:28:10+09:00" level=info msg="Please check https://pkg.go.dev/github.com/gin-gonic/gin#readme-don-t-trust-all-proxies for details."
time="2024-02-22T18:28:10+09:00" level=info msg="[GIN-debug] Listening and serving HTTP on :8080"
time="2024-02-22T18:28:15+09:00" level=info msg="[GIN] 2024/02/22 - 18:28:15 | 404 |            0s |             ::1 | GET      \"/api/v1/create\""
time="2024-02-22T18:28:37+09:00" level=info msg="[GIN] 2024/02/22 - 18:28:37 | 404 |            0s |             ::1 | GET      \"/api/v1/create\""
time="2024-02-22T18:30:53+09:00" level=info msg=Starting
time="2024-02-22T18:30:53+09:00" level=info msg="[GIN-debug] [WARNING] Creating an Engine instance with the Logger and Recovery middleware already attached."
time="2024-02-22T18:30:53+09:00" level=info
time="2024-02-22T18:30:53+09:00" level=info msg="[GIN-debug] [WARNING] Running in \"debug\" mode. Switch to \"release\" mode in production."
time="2024-02-22T18:30:53+09:00" level=info msg=" - using env:\texport GIN_MODE=release"
time="2024-02-22T18:30:53+09:00" level=info msg="Loading env variables"
time="2024-02-22T18:30:53+09:00" level=info msg=" - using code:\tgin.SetMode(gin.ReleaseMode)"
time="2024-02-22T18:30:53+09:00" level=info
time="2024-02-22T18:30:53+09:00" level=info msg="Initializing database"
time="2024-02-22T18:30:53+09:00" level=info msg="Postgres succesfully initialized"
time="2024-02-22T18:31:22+09:00" level=info msg=Starting
time="2024-02-22T18:31:22+09:00" level=info msg="[GIN-debug] [WARNING] Creating an Engine instance with the Logger and Recovery middleware already attached."
time="2024-02-22T18:31:22+09:00" level=info
time="2024-02-22T18:31:22+09:00" level=info msg="[GIN-debug] [WARNING] Running in \"debug\" mode. Switch to \"release\" mode in production."
time="2024-02-22T18:31:22+09:00" level=info msg=" - using env:\texport GIN_MODE=release"
time="2024-02-22T18:31:22+09:00" level=info msg=" - using code:\tgin.SetMode(gin.ReleaseMode)"
time="2024-02-22T18:31:22+09:00" level=info
time="2024-02-22T18:31:22+09:00" level=info msg="Loading env variables"
time="2024-02-22T18:31:22+09:00" level=info msg="Initializing database"
time="2024-02-22T18:31:22+09:00" level=info msg="Postgres succesfully initialized"
time="2024-02-22T18:31:51+09:00" level=info msg=Starting
time="2024-02-22T18:31:52+09:00" level=info msg="[GIN-debug] [WARNING] Creating an Engine instance with the Logger and Recovery middleware already attached."
time="2024-02-22T18:31:52+09:00" level=info
time="2024-02-22T18:31:52+09:00" level=info msg="[GIN-debug] [WARNING] Running in \"debug\" mode. Switch to \"release\" mode in production."
time="2024-02-22T18:31:52+09:00" level=info msg=" - using env:\texport GIN_MODE=release"
time="2024-02-22T18:31:52+09:00" level=info msg=" - using code:\tgin.SetMode(gin.ReleaseMode)"
time="2024-02-22T18:31:52+09:00" level=info
time="2024-02-22T18:31:52+09:00" level=info msg="Loading env variables"
time="2024-02-22T18:31:52+09:00" level=info msg="Initializing database"
time="2024-02-22T18:31:52+09:00" level=info msg="Postgres succesfully initialized"
time="2024-02-22T18:31:52+09:00" level=info msg="Mongo succesfully initialized"
time="2024-02-22T18:31:52+09:00" level=info msg="Server listening on 8080"
time="2024-02-22T18:31:52+09:00" level=info msg="[GIN-debug] [WARNING] You trusted all proxies, this is NOT safe. We recommend you to set a value."
time="2024-02-22T18:31:52+09:00" level=info msg="Please check https://pkg.go.dev/github.com/gin-gonic/gin#readme-don-t-trust-all-proxies for details."
time="2024-02-22T18:31:52+09:00" level=info msg="[GIN-debug] Listening and serving HTTP on :8080"
time="2024-02-22T21:15:35+09:00" level=info msg=Starting
time="2024-02-22T21:15:35+09:00" level=info msg="[GIN-debug] [WARNING] Creating an Engine instance with the Logger and Recovery middleware already attached."
time="2024-02-22T21:15:35+09:00" level=info
time="2024-02-22T21:15:35+09:00" level=info msg="[GIN-debug] [WARNING] Running in \"debug\" mode. Switch to \"release\" mode in production."
time="2024-02-22T21:15:35+09:00" level=info msg=" - using env:\texport GIN_MODE=release"
time="2024-02-22T21:15:35+09:00" level=info msg="Loading env variables"
time="2024-02-22T21:15:35+09:00" level=info msg=" - using code:\tgin.SetMode(gin.ReleaseMode)"
time="2024-02-22T21:15:35+09:00" level=info
time="2024-02-22T21:15:35+09:00" level=info msg="Initializing database"
time="2024-02-22T21:15:35+09:00" level=info msg="Postgres succesfully initialized"
time="2024-02-22T21:15:35+09:00" level=info msg="Mongo succesfully initialized"
time="2024-02-22T21:15:35+09:00" level=info msg="Server listening on 8080"
time="2024-02-22T21:15:35+09:00" level=info msg="[GIN-debug] [WARNING] You trusted all proxies, this is NOT safe. We recommend you to set a value."
time="2024-02-22T21:15:35+09:00" level=info msg="Please check https://pkg.go.dev/github.com/gin-gonic/gin#readme-don-t-trust-all-proxies for details."
time="2024-02-22T21:15:35+09:00" level=info msg="[GIN-debug] Listening and serving HTTP on :8080"
time="2024-02-22T21:15:46+09:00" level=info msg="[GIN] 2024/02/22 - 21:15:46 | 404 |            0s |             ::1 | GET      \"/api/v1/create\""
time="2024-02-22T21:17:27+09:00" level=info msg=Starting
time="2024-02-22T21:17:27+09:00" level=info msg="[GIN-debug] [WARNING] Creating an Engine instance with the Logger and Recovery middleware already attached."
time="2024-02-22T21:17:27+09:00" level=info
time="2024-02-22T21:17:27+09:00" level=info msg="[GIN-debug] [WARNING] Running in \"debug\" mode. Switch to \"release\" mode in production."
time="2024-02-22T21:17:27+09:00" level=info msg=" - using env:\texport GIN_MODE=release"
time="2024-02-22T21:17:27+09:00" level=info msg=" - using code:\tgin.SetMode(gin.ReleaseMode)"
time="2024-02-22T21:17:27+09:00" level=info
time="2024-02-22T21:17:27+09:00" level=info msg="Loading env variables"
time="2024-02-22T21:17:27+09:00" level=info msg="Initializing database"
time="2024-02-22T21:17:27+09:00" level=info msg="Postgres succesfully initialized"
time="2024-02-22T21:17:27+09:00" level=info msg="Mongo succesfully initialized"
time="2024-02-22T21:17:27+09:00" level=info msg="[GIN-debug] GET    /api/v1/create            --> module/usecase.CreatePoll (3 handlers)"
time="2024-02-22T21:17:27+09:00" level=info msg="Router ready to route"
time="2024-02-22T21:17:27+09:00" level=info msg="Server listening on 8080"
time="2024-02-22T21:17:27+09:00" level=info msg="[GIN-debug] [WARNING] You trusted all proxies, this is NOT safe. We recommend you to set a value."
time="2024-02-22T21:17:27+09:00" level=info msg="Please check https://pkg.go.dev/github.com/gin-gonic/gin#readme-don-t-trust-all-proxies for details."
time="2024-02-22T21:17:27+09:00" level=info msg="[GIN-debug] Listening and serving HTTP on :8080"
time="2024-02-22T21:17:35+09:00" level=info msg="[GIN] 2024/02/22 - 21:17:35 | 200 |      1.0473ms |             ::1 | GET      \"/api/v1/create\""
time="2024-02-22T21:20:49+09:00" level=info msg=Starting
time="2024-02-22T21:20:49+09:00" level=info msg="[GIN-debug] [WARNING] Creating an Engine instance with the Logger and Recovery middleware already attached."
time="2024-02-22T21:20:49+09:00" level=info
time="2024-02-22T21:20:49+09:00" level=info msg="[GIN-debug] [WARNING] Running in \"debug\" mode. Switch to \"release\" mode in production."
time="2024-02-22T21:20:49+09:00" level=info msg=" - using env:\texport GIN_MODE=release"
time="2024-02-22T21:20:49+09:00" level=info msg=" - using code:\tgin.SetMode(gin.ReleaseMode)"
time="2024-02-22T21:20:49+09:00" level=info
time="2024-02-22T21:20:49+09:00" level=info msg="Loading env variables"
time="2024-02-22T21:20:49+09:00" level=info msg="Initializing database"
time="2024-02-22T21:20:49+09:00" level=info msg="Postgres succesfully initialized"
time="2024-02-22T21:20:49+09:00" level=info msg="Mongo succesfully initialized"
time="2024-02-22T21:20:49+09:00" level=info msg="[GIN-debug] GET    /api/v1/create            --> module/usecase.CreatePoll (3 handlers)"
time="2024-02-22T21:20:49+09:00" level=info msg="Router ready to route"
time="2024-02-22T21:20:49+09:00" level=info msg="Server listening on 8080"
time="2024-02-22T21:20:49+09:00" level=info msg="[GIN-debug] [WARNING] You trusted all proxies, this is NOT safe. We recommend you to set a value."
time="2024-02-22T21:20:49+09:00" level=info msg="Please check https://pkg.go.dev/github.com/gin-gonic/gin#readme-don-t-trust-all-proxies for details."
time="2024-02-22T21:20:49+09:00" level=info msg="[GIN-debug] Listening and serving HTTP on :8080"
time="2024-02-22T21:21:03+09:00" level=info msg="[GIN] 2024/02/22 - 21:21:03 | 200 |       989.2µs |             ::1 | GET      \"/api/v1/create\""
time="2024-02-22T21:21:46+09:00" level=info msg=Starting
time="2024-02-22T21:21:46+09:00" level=info msg="[GIN-debug] [WARNING] Creating an Engine instance with the Logger and Recovery middleware already attached."
time="2024-02-22T21:21:46+09:00" level=info
time="2024-02-22T21:21:46+09:00" level=info msg="[GIN-debug] [WARNING] Running in \"debug\" mode. Switch to \"release\" mode in production."
time="2024-02-22T21:21:46+09:00" level=info msg=" - using env:\texport GIN_MODE=release"
time="2024-02-22T21:21:46+09:00" level=info msg="Loading env variables"
time="2024-02-22T21:21:46+09:00" level=info msg=" - using code:\tgin.SetMode(gin.ReleaseMode)"
time="2024-02-22T21:21:46+09:00" level=info
time="2024-02-22T21:21:46+09:00" level=info msg="Initializing database"
time="2024-02-22T21:21:46+09:00" level=info msg="Postgres succesfully initialized"
time="2024-02-22T21:21:46+09:00" level=info msg="Mongo succesfully initialized"
time="2024-02-22T21:21:46+09:00" level=info msg="[GIN-debug] GET    /api/v1/create            --> module/usecase.CreatePoll (3 handlers)"
time="2024-02-22T21:21:46+09:00" level=info msg="Router ready to route"
time="2024-02-22T21:21:46+09:00" level=info msg="Server listening on 8080"
time="2024-02-22T21:21:46+09:00" level=info msg="[GIN-debug] [WARNING] You trusted all proxies, this is NOT safe. We recommend you to set a value."
time="2024-02-22T21:21:46+09:00" level=info msg="Please check https://pkg.go.dev/github.com/gin-gonic/gin#readme-don-t-trust-all-proxies for details."
time="2024-02-22T21:21:46+09:00" level=info msg="[GIN-debug] Listening and serving HTTP on :8080"
time="2024-02-22T21:22:01+09:00" level=info msg="[GIN] 2024/02/22 - 21:22:01 | 200 |       779.7µs |             ::1 | GET      \"/api/v1/create\""
time="2024-02-22T21:24:25+09:00" level=info msg=Starting
time="2024-02-22T21:24:25+09:00" level=info msg="[GIN-debug] [WARNING] Creating an Engine instance with the Logger and Recovery middleware already attached."
time="2024-02-22T21:24:25+09:00" level=info
time="2024-02-22T21:24:25+09:00" level=info msg="[GIN-debug] [WARNING] Running in \"debug\" mode. Switch to \"release\" mode in production."
time="2024-02-22T21:24:25+09:00" level=info msg=" - using env:\texport GIN_MODE=release"
time="2024-02-22T21:24:25+09:00" level=info msg=" - using code:\tgin.SetMode(gin.ReleaseMode)"
time="2024-02-22T21:24:25+09:00" level=info
time="2024-02-22T21:24:25+09:00" level=info msg="Loading env variables"
time="2024-02-22T21:24:25+09:00" level=info msg="Initializing database"
time="2024-02-22T21:24:25+09:00" level=info msg="Postgres succesfully initialized"
time="2024-02-22T21:24:25+09:00" level=info msg="Mongo succesfully initialized"
time="2024-02-22T21:24:25+09:00" level=info msg="[GIN-debug] GET    /api/v1/create            --> module/usecase.CreatePoll (3 handlers)"
time="2024-02-22T21:24:25+09:00" level=info msg="Router ready to route"
time="2024-02-22T21:24:25+09:00" level=info msg="Server listening on 8080"
time="2024-02-22T21:24:25+09:00" level=info msg="[GIN-debug] [WARNING] You trusted all proxies, this is NOT safe. We recommend you to set a value."
time="2024-02-22T21:24:25+09:00" level=info msg="Please check https://pkg.go.dev/github.com/gin-gonic/gin#readme-don-t-trust-all-proxies for details."
time="2024-02-22T21:24:25+09:00" level=info msg="[GIN-debug] Listening and serving HTTP on :8080"
time="2024-02-22T21:24:29+09:00" level=info msg="[GIN] 2024/02/22 - 21:24:29 | 200 |       1.456ms |             ::1 | GET      \"/api/v1/create\""
time="2024-02-22T21:27:10+09:00" level=info msg=Starting
time="2024-02-22T21:27:10+09:00" level=info msg="[GIN-debug] [WARNING] Creating an Engine instance with the Logger and Recovery middleware already attached."
time="2024-02-22T21:27:10+09:00" level=info
time="2024-02-22T21:27:10+09:00" level=info msg="[GIN-debug] [WARNING] Running in \"debug\" mode. Switch to \"release\" mode in production."
time="2024-02-22T21:27:10+09:00" level=info msg=" - using env:\texport GIN_MODE=release"
time="2024-02-22T21:27:10+09:00" level=info msg=" - using code:\tgin.SetMode(gin.ReleaseMode)"
time="2024-02-22T21:27:10+09:00" level=info
time="2024-02-22T21:27:10+09:00" level=info msg="Loading env variables"
time="2024-02-22T21:27:10+09:00" level=info msg="Initializing database"
time="2024-02-22T21:27:10+09:00" level=info msg="Postgres succesfully initialized"
time="2024-02-22T21:27:10+09:00" level=info msg="Mongo succesfully initialized"
time="2024-02-22T21:27:10+09:00" level=info msg="[GIN-debug] GET    /api/v1/create            --> module/usecase.CreatePoll (3 handlers)"
time="2024-02-22T21:27:10+09:00" level=info msg="Router ready to route"
time="2024-02-22T21:27:10+09:00" level=info msg="Server listening on 8080"
time="2024-02-22T21:27:10+09:00" level=info msg="[GIN-debug] [WARNING] You trusted all proxies, this is NOT safe. We recommend you to set a value."
time="2024-02-22T21:27:10+09:00" level=info msg="Please check https://pkg.go.dev/github.com/gin-gonic/gin#readme-don-t-trust-all-proxies for details."
time="2024-02-22T21:27:10+09:00" level=info msg="[GIN-debug] Listening and serving HTTP on :8080"
time="2024-02-22T21:27:13+09:00" level=info msg="[GIN] 2024/02/22 - 21:27:13 | 200 |       553.8µs |             ::1 | GET      \"/api/v1/create\""
time="2024-02-22T21:28:18+09:00" level=info msg=Starting
time="2024-02-22T21:28:18+09:00" level=info msg="[GIN-debug] [WARNING] Creating an Engine instance with the Logger and Recovery middleware already attached."
time="2024-02-22T21:28:18+09:00" level=info
time="2024-02-22T21:28:18+09:00" level=info msg="[GIN-debug] [WARNING] Running in \"debug\" mode. Switch to \"release\" mode in production."
time="2024-02-22T21:28:18+09:00" level=info msg=" - using env:\texport GIN_MODE=release"
time="2024-02-22T21:28:18+09:00" level=info msg="Loading env variables"
time="2024-02-22T21:28:18+09:00" level=info msg=" - using code:\tgin.SetMode(gin.ReleaseMode)"
time="2024-02-22T21:28:18+09:00" level=info
time="2024-02-22T21:28:18+09:00" level=info msg="Initializing database"
time="2024-02-22T21:28:19+09:00" level=info msg="Postgres succesfully initialized"
time="2024-02-22T21:28:19+09:00" level=info msg="Mongo succesfully initialized"
time="2024-02-22T21:28:19+09:00" level=info msg="[GIN-debug] GET    /api/v1/create            --> module/usecase.CreatePoll (3 handlers)"
time="2024-02-22T21:28:19+09:00" level=info msg="Router ready to route"
time="2024-02-22T21:28:19+09:00" level=info msg="Server listening on 8080"
time="2024-02-22T21:28:19+09:00" level=info msg="[GIN-debug] [WARNING] You trusted all proxies, this is NOT safe. We recommend you to set a value."
time="2024-02-22T21:28:19+09:00" level=info msg="Please check https://pkg.go.dev/github.com/gin-gonic/gin#readme-don-t-trust-all-proxies for details."
time="2024-02-22T21:28:19+09:00" level=info msg="[GIN-debug] Listening and serving HTTP on :8080"
time="2024-02-22T21:28:27+09:00" level=info msg="[GIN] 2024/02/22 - 21:28:27 | 200 |      1.1169ms |             ::1 | GET      \"/api/v1/create\""
time="2024-02-22T21:28:48+09:00" level=info msg=Starting
time="2024-02-22T21:28:48+09:00" level=info msg="[GIN-debug] [WARNING] Creating an Engine instance with the Logger and Recovery middleware already attached."
time="2024-02-22T21:28:48+09:00" level=info
time="2024-02-22T21:28:48+09:00" level=info msg="[GIN-debug] [WARNING] Running in \"debug\" mode. Switch to \"release\" mode in production."
time="2024-02-22T21:28:48+09:00" level=info msg=" - using env:\texport GIN_MODE=release"
time="2024-02-22T21:28:48+09:00" level=info msg=" - using code:\tgin.SetMode(gin.ReleaseMode)"
time="2024-02-22T21:28:48+09:00" level=info
time="2024-02-22T21:28:48+09:00" level=info msg="Loading env variables"
time="2024-02-22T21:28:48+09:00" level=info msg="Initializing database"
time="2024-02-22T21:28:48+09:00" level=info msg="Postgres succesfully initialized"
time="2024-02-22T21:28:48+09:00" level=info msg="Mongo succesfully initialized"
time="2024-02-22T21:28:48+09:00" level=info msg="[GIN-debug] GET    /api/v1/create            --> module/usecase.CreatePoll (3 handlers)"
time="2024-02-22T21:28:48+09:00" level=info msg="Router ready to route"
time="2024-02-22T21:28:48+09:00" level=info msg="Server listening on 8080"
time="2024-02-22T21:28:48+09:00" level=info msg="[GIN-debug] [WARNING] You trusted all proxies, this is NOT safe. We recommend you to set a value."
time="2024-02-22T21:28:48+09:00" level=info msg="Please check https://pkg.go.dev/github.com/gin-gonic/gin#readme-don-t-trust-all-proxies for details."
time="2024-02-22T21:28:48+09:00" level=info msg="[GIN-debug] Listening and serving HTTP on :8080"
time="2024-02-22T21:28:51+09:00" level=info msg="[GIN] 2024/02/22 - 21:28:51 | 200 |       506.7µs |             ::1 | GET      \"/api/v1/create\""
time="2024-02-22T21:33:21+09:00" level=info msg=Starting
time="2024-02-22T21:33:21+09:00" level=info msg="[GIN-debug] [WARNING] Creating an Engine instance with the Logger and Recovery middleware already attached."
time="2024-02-22T21:33:21+09:00" level=info
time="2024-02-22T21:33:21+09:00" level=info msg="[GIN-debug] [WARNING] Running in \"debug\" mode. Switch to \"release\" mode in production."
time="2024-02-22T21:33:21+09:00" level=info msg=" - using env:\texport GIN_MODE=release"
time="2024-02-22T21:33:21+09:00" level=info msg=" - using code:\tgin.SetMode(gin.ReleaseMode)"
time="2024-02-22T21:33:21+09:00" level=info
time="2024-02-22T21:33:21+09:00" level=info msg="Loading env variables"
time="2024-02-22T21:33:21+09:00" level=info msg="Initializing database"
time="2024-02-22T21:33:21+09:00" level=info msg="Postgres succesfully initialized"
time="2024-02-22T21:33:21+09:00" level=info msg="Mongo succesfully initialized"
time="2024-02-22T21:33:21+09:00" level=info msg="[GIN-debug] GET    /api/v1/create            --> module/usecase.CreatePoll (3 handlers)"
time="2024-02-22T21:33:21+09:00" level=info msg="Router ready to route"
time="2024-02-22T21:33:21+09:00" level=info msg="Server listening on 8080"
time="2024-02-22T21:33:21+09:00" level=info msg="[GIN-debug] [WARNING] You trusted all proxies, this is NOT safe. We recommend you to set a value."
time="2024-02-22T21:33:21+09:00" level=info msg="Please check https://pkg.go.dev/github.com/gin-gonic/gin#readme-don-t-trust-all-proxies for details."
time="2024-02-22T21:33:21+09:00" level=info msg="[GIN-debug] Listening and serving HTTP on :8080"
time="2024-02-22T21:33:26+09:00" level=info msg="[GIN] 2024/02/22 - 21:33:26 | 200 |         845µs |             ::1 | GET      \"/api/v1/create\""
time="2024-02-22T21:33:52+09:00" level=info msg=Starting
time="2024-02-22T21:33:52+09:00" level=info msg="[GIN-debug] [WARNING] Creating an Engine instance with the Logger and Recovery middleware already attached."
time="2024-02-22T21:33:52+09:00" level=info
time="2024-02-22T21:33:52+09:00" level=info msg="[GIN-debug] [WARNING] Running in \"debug\" mode. Switch to \"release\" mode in production."
time="2024-02-22T21:33:52+09:00" level=info msg=" - using env:\texport GIN_MODE=release"
time="2024-02-22T21:33:52+09:00" level=info msg="Loading env variables"
time="2024-02-22T21:33:52+09:00" level=info msg=" - using code:\tgin.SetMode(gin.ReleaseMode)"
time="2024-02-22T21:33:52+09:00" level=info
time="2024-02-22T21:33:52+09:00" level=info msg="Initializing database"
time="2024-02-22T21:33:52+09:00" level=info msg="Postgres succesfully initialized"
time="2024-02-22T21:33:52+09:00" level=info msg="Mongo succesfully initialized"
time="2024-02-22T21:33:52+09:00" level=info msg="[GIN-debug] GET    /api/v1/create            --> module/usecase.CreatePoll (3 handlers)"
time="2024-02-22T21:33:52+09:00" level=info msg="Router ready to route"
time="2024-02-22T21:33:52+09:00" level=info msg="Server listening on 8080"
time="2024-02-22T21:33:52+09:00" level=info msg="[GIN-debug] [WARNING] You trusted all proxies, this is NOT safe. We recommend you to set a value."
time="2024-02-22T21:33:52+09:00" level=info msg="Please check https://pkg.go.dev/github.com/gin-gonic/gin#readme-don-t-trust-all-proxies for details."
time="2024-02-22T21:33:52+09:00" level=info msg="[GIN-debug] Listening and serving HTTP on :8080"
time="2024-02-22T21:33:54+09:00" level=info msg="[GIN] 2024/02/22 - 21:33:54 | 200 |       429.4µs |             ::1 | GET      \"/api/v1/create\""
time="2024-02-22T21:34:13+09:00" level=info msg=Starting
time="2024-02-22T21:34:13+09:00" level=info msg="[GIN-debug] [WARNING] Creating an Engine instance with the Logger and Recovery middleware already attached."
time="2024-02-22T21:34:13+09:00" level=info
time="2024-02-22T21:34:13+09:00" level=info msg="[GIN-debug] [WARNING] Running in \"debug\" mode. Switch to \"release\" mode in production."
time="2024-02-22T21:34:13+09:00" level=info msg=" - using env:\texport GIN_MODE=release"
time="2024-02-22T21:34:13+09:00" level=info msg="Loading env variables"
time="2024-02-22T21:34:13+09:00" level=info msg=" - using code:\tgin.SetMode(gin.ReleaseMode)"
time="2024-02-22T21:34:13+09:00" level=info
time="2024-02-22T21:34:13+09:00" level=info msg="Initializing database"
time="2024-02-22T21:34:13+09:00" level=info msg="Postgres succesfully initialized"
time="2024-02-22T21:34:13+09:00" level=info msg="Mongo succesfully initialized"
time="2024-02-22T21:34:13+09:00" level=info msg="[GIN-debug] GET    /api/v1/create            --> module/usecase.CreatePoll (3 handlers)"
time="2024-02-22T21:34:13+09:00" level=info msg="Router ready to route"
time="2024-02-22T21:34:13+09:00" level=info msg="Server listening on 8080"
time="2024-02-22T21:34:13+09:00" level=info msg="[GIN-debug] [WARNING] You trusted all proxies, this is NOT safe. We recommend you to set a value."
time="2024-02-22T21:34:13+09:00" level=info msg="Please check https://pkg.go.dev/github.com/gin-gonic/gin#readme-don-t-trust-all-proxies for details."
time="2024-02-22T21:34:13+09:00" level=info msg="[GIN-debug] Listening and serving HTTP on :8080"
time="2024-02-22T21:34:20+09:00" level=info msg="[GIN] 2024/02/22 - 21:34:20 | 200 |      8.6227ms |             ::1 | GET      \"/api/v1/create\""
time="2024-02-22T21:36:03+09:00" level=info msg=Starting
time="2024-02-22T21:36:03+09:00" level=info msg="[GIN-debug] [WARNING] Creating an Engine instance with the Logger and Recovery middleware already attached."
time="2024-02-22T21:36:03+09:00" level=info
time="2024-02-22T21:36:03+09:00" level=info msg="[GIN-debug] [WARNING] Running in \"debug\" mode. Switch to \"release\" mode in production."
time="2024-02-22T21:36:03+09:00" level=info msg=" - using env:\texport GIN_MODE=release"
time="2024-02-22T21:36:03+09:00" level=info msg=" - using code:\tgin.SetMode(gin.ReleaseMode)"
time="2024-02-22T21:36:03+09:00" level=info
time="2024-02-22T21:36:03+09:00" level=info msg="Loading env variables"
time="2024-02-22T21:36:03+09:00" level=info msg="Initializing database"
time="2024-02-22T21:36:03+09:00" level=info msg="Postgres succesfully initialized"
time="2024-02-22T21:36:03+09:00" level=info msg="Mongo succesfully initialized"
time="2024-02-22T21:36:03+09:00" level=info msg="[GIN-debug] GET    /api/v1/create            --> module/usecase.CreatePoll (3 handlers)"
time="2024-02-22T21:36:03+09:00" level=info msg="Router ready to route"
time="2024-02-22T21:36:03+09:00" level=info msg="Server listening on 8080"
time="2024-02-22T21:36:03+09:00" level=info msg="[GIN-debug] [WARNING] You trusted all proxies, this is NOT safe. We recommend you to set a value."
time="2024-02-22T21:36:03+09:00" level=info msg="Please check https://pkg.go.dev/github.com/gin-gonic/gin#readme-don-t-trust-all-proxies for details."
time="2024-02-22T21:36:03+09:00" level=info msg="[GIN-debug] Listening and serving HTTP on :8080"
time="2024-02-22T21:36:07+09:00" level=info msg="[GIN] 2024/02/22 - 21:36:07 | 200 |      1.9061ms |             ::1 | GET      \"/api/v1/create\""
time="2024-02-22T21:36:13+09:00" level=info msg="[GIN] 2024/02/22 - 21:36:13 | 200 |      1.3075ms |             ::1 | GET      \"/api/v1/create\""
time="2024-02-22T21:36:26+09:00" level=info msg="[GIN] 2024/02/22 - 21:36:26 | 200 |       1.426ms |             ::1 | GET      \"/api/v1/create\""
time="2024-02-22T21:38:05+09:00" level=info msg=Starting
time="2024-02-22T21:38:05+09:00" level=info msg="[GIN-debug] [WARNING] Creating an Engine instance with the Logger and Recovery middleware already attached."
time="2024-02-22T21:38:05+09:00" level=info
time="2024-02-22T21:38:05+09:00" level=info msg="[GIN-debug] [WARNING] Running in \"debug\" mode. Switch to \"release\" mode in production."
time="2024-02-22T21:38:05+09:00" level=info msg=" - using env:\texport GIN_MODE=release"
time="2024-02-22T21:38:05+09:00" level=info msg="Loading env variables"
time="2024-02-22T21:38:05+09:00" level=info msg=" - using code:\tgin.SetMode(gin.ReleaseMode)"
time="2024-02-22T21:38:05+09:00" level=info
time="2024-02-22T21:38:05+09:00" level=info msg="Initializing database"
time="2024-02-22T21:38:05+09:00" level=info msg="Postgres succesfully initialized"
time="2024-02-22T21:38:05+09:00" level=info msg="Mongo succesfully initialized"
time="2024-02-22T21:38:05+09:00" level=info msg="[GIN-debug] GET    /api/v1/create            --> module/usecase.CreatePoll (3 handlers)"
time="2024-02-22T21:38:05+09:00" level=info msg="Router ready to route"
time="2024-02-22T21:38:05+09:00" level=info msg="Server listening on 8080"
time="2024-02-22T21:38:05+09:00" level=info msg="[GIN-debug] [WARNING] You trusted all proxies, this is NOT safe. We recommend you to set a value."
time="2024-02-22T21:38:05+09:00" level=info msg="Please check https://pkg.go.dev/github.com/gin-gonic/gin#readme-don-t-trust-all-proxies for details."
time="2024-02-22T21:38:05+09:00" level=info msg="[GIN-debug] Listening and serving HTTP on :8080"
time="2024-02-22T21:38:10+09:00" level=info msg="[GIN] 2024/02/22 - 21:38:10 | 200 |      1.8737ms |             ::1 | GET      \"/api/v1/create\""
time="2024-02-22T21:40:22+09:00" level=info msg=Starting
time="2024-02-22T21:40:22+09:00" level=info msg="[GIN-debug] [WARNING] Creating an Engine instance with the Logger and Recovery middleware already attached."
time="2024-02-22T21:40:22+09:00" level=info
time="2024-02-22T21:40:22+09:00" level=info msg="[GIN-debug] [WARNING] Running in \"debug\" mode. Switch to \"release\" mode in production."
time="2024-02-22T21:40:22+09:00" level=info msg=" - using env:\texport GIN_MODE=release"
time="2024-02-22T21:40:22+09:00" level=info msg=" - using code:\tgin.SetMode(gin.ReleaseMode)"
time="2024-02-22T21:40:22+09:00" level=info
time="2024-02-22T21:40:22+09:00" level=info msg="Loading env variables"
time="2024-02-22T21:40:22+09:00" level=info msg="Initializing database"
time="2024-02-22T21:40:22+09:00" level=info msg="Postgres succesfully initialized"
time="2024-02-22T21:40:22+09:00" level=info msg="Mongo succesfully initialized"
time="2024-02-22T21:40:22+09:00" level=info msg="[GIN-debug] GET    /api/v1/create            --> module/usecase.CreatePoll (3 handlers)"
time="2024-02-22T21:40:22+09:00" level=info msg="Router ready to route"
time="2024-02-22T21:40:22+09:00" level=info msg="Server listening on 8080"
time="2024-02-22T21:40:22+09:00" level=info msg="[GIN-debug] [WARNING] You trusted all proxies, this is NOT safe. We recommend you to set a value."
time="2024-02-22T21:40:22+09:00" level=info msg="Please check https://pkg.go.dev/github.com/gin-gonic/gin#readme-don-t-trust-all-proxies for details."
time="2024-02-22T21:40:22+09:00" level=info msg="[GIN-debug] Listening and serving HTTP on :8080"
time="2024-02-22T21:40:25+09:00" level=info msg="[GIN] 2024/02/22 - 21:40:25 | 200 |      2.8722ms |             ::1 | GET      \"/api/v1/create\""
